<?xml version="1.0" encoding="UTF-8"?>
<testng-results ignored="0" total="1" passed="1" failed="0" skipped="0">
  <reporter-output>
  </reporter-output>
  <suite started-at="2022-11-19T11:36:18 SGT" name="Surefire suite" finished-at="2022-11-19T11:36:27 SGT" duration-ms="8842">
    <groups>
    </groups>
    <test started-at="2022-11-19T11:36:18 SGT" name="Surefire test" finished-at="2022-11-19T11:36:27 SGT" duration-ms="8842">
      <class name="com.nicholas.manager.GenericTestManager">
        <test-method is-config="true" signature="init()[pri:0, instance:com.nicholas.manager.GenericTestManager@3f2ef586]" started-at="2022-11-19T11:36:17 SGT" name="init" finished-at="2022-11-19T11:36:18 SGT" duration-ms="323" status="PASS">
          <reporter-output>
          </reporter-output>
        </test-method> <!-- init -->
        <test-method is-config="true" signature="openPage()[pri:0, instance:com.nicholas.manager.GenericTestManager@3f2ef586]" started-at="2022-11-19T11:36:18 SGT" name="openPage" finished-at="2022-11-19T11:36:27 SGT" duration-ms="8786" status="PASS">
          <reporter-output>
          </reporter-output>
        </test-method> <!-- openPage -->
        <test-method signature="testLogin()[pri:0, instance:com.nicholas.manager.GenericTestManager@3f2ef586]" started-at="2022-11-19T11:36:27 SGT" name="testLogin" finished-at="2022-11-19T11:36:27 SGT" duration-ms="6" status="PASS">
          <reporter-output>
          </reporter-output>
        </test-method> <!-- testLogin -->
        <test-method is-config="true" signature="cleanup()[pri:0, instance:com.nicholas.manager.GenericTestManager@3f2ef586]" started-at="2022-11-19T11:36:27 SGT" name="cleanup" finished-at="2022-11-19T11:36:27 SGT" duration-ms="22" status="PASS">
          <reporter-output>
          </reporter-output>
        </test-method> <!-- cleanup -->
        <test-method is-config="true" signature="tearDown()[pri:0, instance:com.nicholas.manager.GenericTestManager@3f2ef586]" started-at="2022-11-19T11:36:27 SGT" name="tearDown" finished-at="2022-11-19T11:36:27 SGT" duration-ms="254" status="PASS">
          <reporter-output>
          </reporter-output>
        </test-method> <!-- tearDown -->
      </class> <!-- com.nicholas.manager.GenericTestManager -->
    </test> <!-- Surefire test -->
  </suite> <!-- Surefire suite -->
</testng-results>
